# JRE version: OpenJDK Runtime Environment (15.0.1+9) (build 15.0.1+9-18)
# Java VM: OpenJDK 64-Bit Server VM (15.0.1+9-18, mixed mode, tiered, compressed oops, g1 gc, windows-amd64)
GC Precious Log:
 CPUs: 8 total, 8 available
 Memory: 16194M
 Large Page Support: Disabled
 NUMA Support: Disabled
 Compressed Oops: Enabled (Zero based)
 Heap Region Size: 2M
 Heap Min Capacity: 8M
 Heap Initial Capacity: 254M
 Heap Max Capacity: 4050M
 Pre-touch: Disabled
 Parallel Workers: 8
 Concurrent Workers: 2
 Concurrent Refinement Workers: 8
 Periodic GC: Disabled
Heap:
 garbage-first heap   total 75776K, used 25544K [0x0000000702e00000, 0x0000000800000000)
  region size 2048K, 9 young (18432K), 5 survivors (10240K)
 Metaspace       used 34994K, capacity 35868K, committed 36216K, reserved 1081344K
  class space    used 3662K, capacity 4006K, committed 4096K, reserved 1048576K
GC Heap History (18 events):
Event: 0.678 GC heap before
{Heap before GC invocations=0 (full 0):
 garbage-first heap   total 260096K, used 22528K [0x0000000702e00000, 0x0000000800000000)
  region size 2048K, 11 young (22528K), 0 survivors (0K)
 Metaspace       used 12737K, capacity 12849K, committed 13056K, reserved 1060864K
  class space    used 1195K, capacity 1254K, committed 1280K, reserved 1048576K
}
Event: 0.681 GC heap after
{Heap after GC invocations=1 (full 0):
 garbage-first heap   total 260096K, used 4126K [0x0000000702e00000, 0x0000000800000000)
  region size 2048K, 2 young (4096K), 2 survivors (4096K)
 Metaspace       used 12737K, capacity 12849K, committed 13056K, reserved 1060864K
  class space    used 1195K, capacity 1254K, committed 1280K, reserved 1048576K
}
Event: 0.983 GC heap before
{Heap before GC invocations=1 (full 0):
 garbage-first heap   total 260096K, used 34846K [0x0000000702e00000, 0x0000000800000000)
  region size 2048K, 17 young (34816K), 2 survivors (4096K)
 Metaspace       used 16449K, capacity 16559K, committed 16768K, reserved 1064960K
  class space    used 1548K, capacity 1594K, committed 1664K, reserved 1048576K
}
Event: 0.986 GC heap after
{Heap after GC invocations=2 (full 0):
 garbage-first heap   total 260096K, used 4909K [0x0000000702e00000, 0x0000000800000000)
  region size 2048K, 1 young (2048K), 1 survivors (2048K)
 Metaspace       used 16449K, capacity 16559K, committed 16768K, reserved 1064960K
  class space    used 1548K, capacity 1594K, committed 1664K, reserved 1048576K
}
Event: 1.278 GC heap before
{Heap before GC invocations=2 (full 0):
 garbage-first heap   total 260096K, used 41773K [0x0000000702e00000, 0x0000000800000000)
  region size 2048K, 20 young (40960K), 1 survivors (2048K)
 Metaspace       used 20773K, capacity 21059K, committed 21248K, reserved 1069056K
  class space    used 1995K, capacity 2041K, committed 2048K, reserved 1048576K
}
Event: 1.280 GC heap after
{Heap after GC invocations=3 (full 0):
 garbage-first heap   total 260096K, used 6139K [0x0000000702e00000, 0x0000000800000000)
  region size 2048K, 2 young (4096K), 2 survivors (4096K)
 Metaspace       used 20773K, capacity 21059K, committed 21248K, reserved 1069056K
  class space    used 1995K, capacity 2041K, committed 2048K, reserved 1048576K
}
Event: 1.518 GC heap before
{Heap before GC invocations=4 (full 0):
 garbage-first heap   total 34816K, used 32763K [0x0000000702e00000, 0x0000000800000000)
  region size 2048K, 15 young (30720K), 2 survivors (4096K)
 Metaspace       used 23398K, capacity 23629K, committed 23680K, reserved 1071104K
  class space    used 2325K, capacity 2385K, committed 2432K, reserved 1048576K
}
Event: 1.523 GC heap after
{Heap after GC invocations=5 (full 0):
 garbage-first heap   total 40960K, used 9093K [0x0000000702e00000, 0x0000000800000000)
  region size 2048K, 3 young (6144K), 3 survivors (6144K)
 Metaspace       used 23398K, capacity 23629K, committed 23680K, reserved 1071104K
  class space    used 2325K, capacity 2385K, committed 2432K, reserved 1048576K
}
Event: 1.680 GC heap before
{Heap before GC invocations=5 (full 0):
 garbage-first heap   total 40960K, used 27525K [0x0000000702e00000, 0x0000000800000000)
  region size 2048K, 12 young (24576K), 3 survivors (6144K)
 Metaspace       used 25940K, capacity 26225K, committed 26240K, reserved 1073152K
  class space    used 2592K, capacity 2674K, committed 2688K, reserved 1048576K
}
Event: 1.684 GC heap after
{Heap after GC invocations=6 (full 0):
 garbage-first heap   total 40960K, used 8736K [0x0000000702e00000, 0x0000000800000000)
  region size 2048K, 1 young (2048K), 1 survivors (2048K)
 Metaspace       used 25940K, capacity 26225K, committed 26240K, reserved 1073152K
  class space    used 2592K, capacity 2674K, committed 2688K, reserved 1048576K
}
Event: 1.837 GC heap before
{Heap before GC invocations=6 (full 0):
 garbage-first heap   total 40960K, used 25120K [0x0000000702e00000, 0x0000000800000000)
  region size 2048K, 10 young (20480K), 1 survivors (2048K)
 Metaspace       used 27609K, capacity 27928K, committed 28288K, reserved 1075200K
  class space    used 2724K, capacity 2839K, committed 2944K, reserved 1048576K
}
Event: 1.839 GC heap after
{Heap after GC invocations=7 (full 0):
 garbage-first heap   total 40960K, used 10316K [0x0000000702e00000, 0x0000000800000000)
  region size 2048K, 2 young (4096K), 2 survivors (4096K)
 Metaspace       used 27609K, capacity 27928K, committed 28288K, reserved 1075200K
  class space    used 2724K, capacity 2839K, committed 2944K, reserved 1048576K
}
Event: 1.924 GC heap before
{Heap before GC invocations=7 (full 0):
 garbage-first heap   total 40960K, used 30796K [0x0000000702e00000, 0x0000000800000000)
  region size 2048K, 11 young (22528K), 2 survivors (4096K)
 Metaspace       used 28078K, capacity 28356K, committed 28544K, reserved 1075200K
  class space    used 2770K, capacity 2874K, committed 2944K, reserved 1048576K
}
Event: 1.927 GC heap after
{Heap after GC invocations=8 (full 0):
 garbage-first heap   total 40960K, used 14936K [0x0000000702e00000, 0x0000000800000000)
  region size 2048K, 2 young (4096K), 2 survivors (4096K)
 Metaspace       used 28078K, capacity 28356K, committed 28544K, reserved 1075200K
  class space    used 2770K, capacity 2874K, committed 2944K, reserved 1048576K
}
Event: 2.068 GC heap before
{Heap before GC invocations=8 (full 0):
 garbage-first heap   total 40960K, used 33368K [0x0000000702e00000, 0x0000000800000000)
  region size 2048K, 9 young (18432K), 2 survivors (4096K)
 Metaspace       used 29711K, capacity 30032K, committed 30208K, reserved 1077248K
  class space    used 2884K, capacity 3006K, committed 3072K, reserved 1048576K
}
Event: 2.071 GC heap after
{Heap after GC invocations=9 (full 0):
 garbage-first heap   total 151552K, used 12369K [0x0000000702e00000, 0x0000000800000000)
  region size 2048K, 2 young (4096K), 2 survivors (4096K)
 Metaspace       used 29711K, capacity 30032K, committed 30208K, reserved 1077248K
  class space    used 2884K, capacity 3006K, committed 3072K, reserved 1048576K
}
Event: 2.832 GC heap before
{Heap before GC invocations=9 (full 0):
 garbage-first heap   total 151552K, used 94289K [0x0000000702e00000, 0x0000000800000000)
  region size 2048K, 43 young (88064K), 2 survivors (4096K)
 Metaspace       used 34712K, capacity 35520K, committed 35628K, reserved 1081344K
  class space    used 3623K, capacity 3956K, committed 3968K, reserved 1048576K
}
Event: 2.841 GC heap after
{Heap after GC invocations=10 (full 0):
 garbage-first heap   total 151552K, used 19400K [0x0000000702e00000, 0x0000000800000000)
  region size 2048K, 5 young (10240K), 5 survivors (10240K)
 Metaspace       used 34712K, capacity 35520K, committed 35628K, reserved 1081344K
  class space    used 3623K, capacity 3956K, committed 3968K, reserved 1048576K
}

