<?xml version="1.0" encoding="UTF-8" ?>
<testsuite tests="13" failures="0" name="apitestrestassured.runner.TestRunner" time="0.028" errors="0" skipped="13">
  <properties>
[...]
</properties>
  <testcase classname="search functionality" name="Do a search from home page" time="0.004">
    <skipped/>
  </testcase>
  <testcase classname="search functionality" name="Do a search from home page" time="0.004">
    <skipped/>
  </testcase>
  <testcase classname="search functionality" name="Do a search from home page" time="0.004">
    <skipped/>
  </testcase>
  <testcase classname="search functionality" name="Do a search from home page" time="0.004">
    <skipped/>
  </testcase>
  <testcase classname="search functionality" name="Do a search from home page" time="0.004">
    <skipped/>
  </testcase>
  <testcase classname="search functionality" name="Do a search from home page" time="0.004">
    <skipped/>
  </testcase>
  <testcase classname="search functionality" name="Do a search from home page" time="0.004">
    <skipped/>
  </testcase>
  <testcase classname="search functionality" name="Title of your scenario outline" time="0">
    <skipped/>
  </testcase>
  <testcase classname="search functionality" name="Title of your scenario outline" time="0">
    <skipped/>
  </testcase>
  <testcase classname="search functionality" name="Title of your scenario outline" time="0">
    <skipped/>
  </testcase>
  <testcase classname="search functionality" name="Title of your scenario outline" time="0">
    <skipped/>
  </testcase>
  <testcase classname="search functionality" name="Title of your scenario outline" time="0">
    <skipped/>
  </testcase>
  <testcase classname="search functionality" name="Title of your scenario outline" time="0">
    <skipped/>
  </testcase>
</testsuite>