<?xml version="1.0" encoding="UTF-8"?>
<testsuite xmlns:xsi="http://www.w3.org/2001/XMLSchema-instance" xsi:noNamespaceSchemaLocation="https://maven.apache.org/surefire/maven-surefire-plugin/xsd/surefire-test-report-3.0.xsd" version="3.0" name="apitestrestassured.runner.Runner" time="0.219" tests="3" errors="0" skipped="3" failures="0">
  <properties>
[...]
</properties>
  <testcase name="Verify Employee Endpoint returns all employee details" classname="Accessing / Adding and Edit Employee details" time="0">
    <skipped message="The step &quot;I have employee base URI&quot; is undefined"/>
  </testcase>
  <testcase name="Verify Employee Endpoint returns all employee details" classname="Accessing / Adding and Edit Employee details" time="0">
    <skipped message="The step &quot;I perfrom a &quot;GET&quot; method on endpoint &quot;/api/v1/employees&quot;&quot; is undefined"/>
  </testcase>
  <testcase name="Verify Employee Endpoint returns all employee details" classname="Accessing / Adding and Edit Employee details" time="0">
    <skipped message="The step &quot;I should be able to get response for 24 employee details&quot; is undefined"/>
  </testcase>
</testsuite>