<?xml version="1.0" encoding="UTF-8" ?>
<testsuite tests="3" failures="1" name="apitestrestassured.runner.TestRunner" time="2.311" errors="0" skipped="0">
  <properties>
[...]
</properties>
  <testcase classname="Application scope and Create/Update/Read/Delete options feature validation" name="Verify session scope value gets retained and destroyed when session ends" time="2.076"/>
  <testcase classname="Application scope and Create/Update/Read/Delete options feature validation" name="Verify application scope value gets retained and not destroyed when session ends" time="0.072">
    <failure message="1 expectation failed.
JSON path previousMessage doesn&apos;t match.
Expected: null
  Actual: Karthiga
" type="java.lang.AssertionError">java.lang.AssertionError: 1 expectation failed.
JSON path previousMessage doesn&apos;t match.
Expected: null
  Actual: Karthiga

	at java.base/jdk.internal.reflect.NativeConstructorAccessorImpl.newInstance0(Native Method)
	at java.base/jdk.internal.reflect.NativeConstructorAccessorImpl.newInstance(NativeConstructorAccessorImpl.java:64)
	at java.base/jdk.internal.reflect.DelegatingConstructorAccessorImpl.newInstance(DelegatingConstructorAccessorImpl.java:45)
	at java.base/java.lang.reflect.Constructor.newInstanceWithCaller(Constructor.java:500)
	at java.base/java.lang.reflect.Constructor.newInstance(Constructor.java:481)
	at org.codehaus.groovy.reflection.CachedConstructor.invoke(CachedConstructor.java:72)
	at org.codehaus.groovy.reflection.CachedConstructor.doConstructorInvoke(CachedConstructor.java:59)
	at org.codehaus.groovy.runtime.callsite.ConstructorSite$ConstructorSiteNoUnwrap.callConstructor(ConstructorSite.java:84)
	at org.codehaus.groovy.runtime.callsite.CallSiteArray.defaultCallConstructor(CallSiteArray.java:59)
	at org.codehaus.groovy.runtime.callsite.AbstractCallSite.callConstructor(AbstractCallSite.java:263)
	at org.codehaus.groovy.runtime.callsite.AbstractCallSite.callConstructor(AbstractCallSite.java:277)
	at io.restassured.internal.ResponseSpecificationImpl$HamcrestAssertionClosure.validate(ResponseSpecificationImpl.groovy:493)
	at io.restassured.internal.ResponseSpecificationImpl$HamcrestAssertionClosure$validate$1.call(Unknown Source)
	at io.restassured.internal.ResponseSpecificationImpl.validateResponseIfRequired(ResponseSpecificationImpl.groovy:674)
	at java.base/jdk.internal.reflect.NativeMethodAccessorImpl.invoke0(Native Method)
	at java.base/jdk.internal.reflect.NativeMethodAccessorImpl.invoke(NativeMethodAccessorImpl.java:64)
	at java.base/jdk.internal.reflect.DelegatingMethodAccessorImpl.invoke(DelegatingMethodAccessorImpl.java:43)
	at java.base/java.lang.reflect.Method.invoke(Method.java:564)
	at org.codehaus.groovy.runtime.callsite.PlainObjectMetaMethodSite.doInvoke(PlainObjectMetaMethodSite.java:43)
	at org.codehaus.groovy.runtime.callsite.PogoMetaMethodSite$PogoCachedMethodSiteNoUnwrapNoCoerce.invoke(PogoMetaMethodSite.java:193)
	at org.codehaus.groovy.runtime.callsite.PogoMetaMethodSite.callCurrent(PogoMetaMethodSite.java:61)
	at org.codehaus.groovy.runtime.callsite.AbstractCallSite.callCurrent(AbstractCallSite.java:185)
	at io.restassured.internal.ResponseSpecificationImpl.body(ResponseSpecificationImpl.groovy:261)
	at io.restassured.specification.ResponseSpecification$body$1.callCurrent(Unknown Source)
	at io.restassured.internal.ResponseSpecificationImpl.body(ResponseSpecificationImpl.groovy:108)
	at io.restassured.internal.ValidatableResponseOptionsImpl.body(ValidatableResponseOptionsImpl.java:244)
	at io.restassured.internal.ValidatableResponseImpl.super$2$body(ValidatableResponseImpl.groovy)
	at java.base/jdk.internal.reflect.NativeMethodAccessorImpl.invoke0(Native Method)
	at java.base/jdk.internal.reflect.NativeMethodAccessorImpl.invoke(NativeMethodAccessorImpl.java:64)
	at java.base/jdk.internal.reflect.DelegatingMethodAccessorImpl.invoke(DelegatingMethodAccessorImpl.java:43)
	at java.base/java.lang.reflect.Method.invoke(Method.java:564)
	at org.codehaus.groovy.reflection.CachedMethod.invoke(CachedMethod.java:107)
	at groovy.lang.MetaMethod.doMethodInvoke(MetaMethod.java:323)
	at groovy.lang.MetaClassImpl.invokeMethod(MetaClassImpl.java:1268)
	at org.codehaus.groovy.runtime.ScriptBytecodeAdapter.invokeMethodOnSuperN(ScriptBytecodeAdapter.java:144)
	at io.restassured.internal.ValidatableResponseImpl.body(ValidatableResponseImpl.groovy:298)
	at io.restassured.internal.ValidatableResponseImpl.body(ValidatableResponseImpl.groovy)
	at restassuredwrap.RestAssuredWrap.assertBodyMsg(RestAssuredWrap.java:53)
	at step_definitions.RippleAppStepDefinitions.i_should_see_session_previous_message(RippleAppStepDefinitions.java:76)
	at ✽.I should see session previous message &quot;null&quot;(classpath:features/rippleapp.feature:27)
</failure>
    <system-out>
@Scope_and_CURD @applicationscope @scope
Scenario: Verify application scope value gets retained and not destroyed when session ends &amp;#27;[90m# features/rippleapp.feature:23&amp;#27;[0m

    getMethod worked for endpoint: /ripple/index


    Response Status code for: 200 validated

  &amp;#27;[32mGiven &amp;#27;[0m&amp;#27;[32mrippleapp scope session is up and running&amp;#27;[0m                                          &amp;#27;[90m# step_definitions.RippleAppStepDefinitions.rippleapp_scope_session_is_up_and_running()&amp;#27;[0m

    getMethod worked for endpoint: /ripple/scope/application


    Response Status code for: 200 validated

  &amp;#27;[32mWhen &amp;#27;[0m&amp;#27;[32mI perfrom a &amp;#27;[0m&amp;#27;[32m&amp;#27;[1m&quot;GET&quot;&amp;#27;[0m&amp;#27;[32m method on endpoint &amp;#27;[0m&amp;#27;[32m&amp;#27;[1m&quot;ScopeApplication&quot;&amp;#27;[0m                             &amp;#27;[90m# step_definitions.RippleAppStepDefinitions.i_perfrom_a_method(java.lang.String,java.lang.String)&amp;#27;[0m

    Expected value Karthiga for key currentMessage found

  &amp;#27;[32mThen &amp;#27;[0m&amp;#27;[32mI should see session current message &amp;#27;[0m&amp;#27;[32m&amp;#27;[1m&quot;Karthiga&quot;&amp;#27;[0m                                     &amp;#27;[90m# step_definitions.RippleAppStepDefinitions.i_should_see_session_current_message(java.lang.String)&amp;#27;[0m
  &amp;#27;[31mAnd &amp;#27;[0m&amp;#27;[31mI should see session previous message &amp;#27;[0m&amp;#27;[31m&amp;#27;[1m&quot;null&quot;&amp;#27;[0m                                         &amp;#27;[90m# step_definitions.RippleAppStepDefinitions.i_should_see_session_previous_message(java.lang.String)&amp;#27;[0m
      &amp;#27;[31mjava.lang.AssertionError: 1 expectation failed.
JSON path previousMessage doesn&apos;t match.
Expected: null
  Actual: Karthiga

	at java.base/jdk.internal.reflect.NativeConstructorAccessorImpl.newInstance0(Native Method)
	at java.base/jdk.internal.reflect.NativeConstructorAccessorImpl.newInstance(NativeConstructorAccessorImpl.java:64)
	at java.base/jdk.internal.reflect.DelegatingConstructorAccessorImpl.newInstance(DelegatingConstructorAccessorImpl.java:45)
	at java.base/java.lang.reflect.Constructor.newInstanceWithCaller(Constructor.java:500)
	at java.base/java.lang.reflect.Constructor.newInstance(Constructor.java:481)
	at org.codehaus.groovy.reflection.CachedConstructor.invoke(CachedConstructor.java:72)
	at org.codehaus.groovy.reflection.CachedConstructor.doConstructorInvoke(CachedConstructor.java:59)
	at org.codehaus.groovy.runtime.callsite.ConstructorSite$ConstructorSiteNoUnwrap.callConstructor(ConstructorSite.java:84)
	at org.codehaus.groovy.runtime.callsite.CallSiteArray.defaultCallConstructor(CallSiteArray.java:59)
	at org.codehaus.groovy.runtime.callsite.AbstractCallSite.callConstructor(AbstractCallSite.java:263)
	at org.codehaus.groovy.runtime.callsite.AbstractCallSite.callConstructor(AbstractCallSite.java:277)
	at io.restassured.internal.ResponseSpecificationImpl$HamcrestAssertionClosure.validate(ResponseSpecificationImpl.groovy:493)
	at io.restassured.internal.ResponseSpecificationImpl$HamcrestAssertionClosure$validate$1.call(Unknown Source)
	at io.restassured.internal.ResponseSpecificationImpl.validateResponseIfRequired(ResponseSpecificationImpl.groovy:674)
	at java.base/jdk.internal.reflect.NativeMethodAccessorImpl.invoke0(Native Method)
	at java.base/jdk.internal.reflect.NativeMethodAccessorImpl.invoke(NativeMethodAccessorImpl.java:64)
	at java.base/jdk.internal.reflect.DelegatingMethodAccessorImpl.invoke(DelegatingMethodAccessorImpl.java:43)
	at java.base/java.lang.reflect.Method.invoke(Method.java:564)
	at org.codehaus.groovy.runtime.callsite.PlainObjectMetaMethodSite.doInvoke(PlainObjectMetaMethodSite.java:43)
	at org.codehaus.groovy.runtime.callsite.PogoMetaMethodSite$PogoCachedMethodSiteNoUnwrapNoCoerce.invoke(PogoMetaMethodSite.java:193)
	at org.codehaus.groovy.runtime.callsite.PogoMetaMethodSite.callCurrent(PogoMetaMethodSite.java:61)
	at org.codehaus.groovy.runtime.callsite.AbstractCallSite.callCurrent(AbstractCallSite.java:185)
	at io.restassured.internal.ResponseSpecificationImpl.body(ResponseSpecificationImpl.groovy:261)
	at io.restassured.specification.ResponseSpecification$body$1.callCurrent(Unknown Source)
	at io.restassured.internal.ResponseSpecificationImpl.body(ResponseSpecificationImpl.groovy:108)
	at io.restassured.internal.ValidatableResponseOptionsImpl.body(ValidatableResponseOptionsImpl.java:244)
	at io.restassured.internal.ValidatableResponseImpl.super$2$body(ValidatableResponseImpl.groovy)
	at java.base/jdk.internal.reflect.NativeMethodAccessorImpl.invoke0(Native Method)
	at java.base/jdk.internal.reflect.NativeMethodAccessorImpl.invoke(NativeMethodAccessorImpl.java:64)
	at java.base/jdk.internal.reflect.DelegatingMethodAccessorImpl.invoke(DelegatingMethodAccessorImpl.java:43)
	at java.base/java.lang.reflect.Method.invoke(Method.java:564)
	at org.codehaus.groovy.reflection.CachedMethod.invoke(CachedMethod.java:107)
	at groovy.lang.MetaMethod.doMethodInvoke(MetaMethod.java:323)
	at groovy.lang.MetaClassImpl.invokeMethod(MetaClassImpl.java:1268)
	at org.codehaus.groovy.runtime.ScriptBytecodeAdapter.invokeMethodOnSuperN(ScriptBytecodeAdapter.java:144)
	at io.restassured.internal.ValidatableResponseImpl.body(ValidatableResponseImpl.groovy:298)
	at io.restassured.internal.ValidatableResponseImpl.body(ValidatableResponseImpl.groovy)
	at restassuredwrap.RestAssuredWrap.assertBodyMsg(RestAssuredWrap.java:53)
	at step_definitions.RippleAppStepDefinitions.i_should_see_session_previous_message(RippleAppStepDefinitions.java:76)
	at âœ½.I should see session previous message &quot;null&quot;(classpath:features/rippleapp.feature:27)
&amp;#27;[0m
  &amp;#27;[36mWhen &amp;#27;[0m&amp;#27;[36mI perfrom a &amp;#27;[0m&amp;#27;[36m&amp;#27;[1m&quot;GET&quot;&amp;#27;[0m&amp;#27;[36m method on endpoint &amp;#27;[0m&amp;#27;[36m&amp;#27;[1m&quot;ScopeApplication&quot;&amp;#27;[0m                             &amp;#27;[90m# step_definitions.RippleAppStepDefinitions.i_perfrom_a_method(java.lang.String,java.lang.String)&amp;#27;[0m
  &amp;#27;[36mThen &amp;#27;[0m&amp;#27;[36mI should see session current message &amp;#27;[0m&amp;#27;[36m&amp;#27;[1m&quot;Karthiga&quot;&amp;#27;[0m                                     &amp;#27;[90m# step_definitions.RippleAppStepDefinitions.i_should_see_session_current_message(java.lang.String)&amp;#27;[0m
  &amp;#27;[36mAnd &amp;#27;[0m&amp;#27;[36mI should see session previous message &amp;#27;[0m&amp;#27;[36m&amp;#27;[1m&quot;Karthiga&quot;&amp;#27;[0m                                     &amp;#27;[90m# step_definitions.RippleAppStepDefinitions.i_should_see_session_previous_message(java.lang.String)&amp;#27;[0m
  &amp;#27;[36mWhen &amp;#27;[0m&amp;#27;[36mI logout from the session&amp;#27;[0m                                                           &amp;#27;[90m# step_definitions.RippleAppStepDefinitions.i_logout_from_the_session()&amp;#27;[0m
  &amp;#27;[36mAnd &amp;#27;[0m&amp;#27;[36mI perfrom a &amp;#27;[0m&amp;#27;[36m&amp;#27;[1m&quot;GET&quot;&amp;#27;[0m&amp;#27;[36m method on endpoint &amp;#27;[0m&amp;#27;[36m&amp;#27;[1m&quot;ScopeApplication&quot;&amp;#27;[0m                              &amp;#27;[90m# step_definitions.RippleAppStepDefinitions.i_perfrom_a_method(java.lang.String,java.lang.String)&amp;#27;[0m
  &amp;#27;[36mThen &amp;#27;[0m&amp;#27;[36mI should see session current message &amp;#27;[0m&amp;#27;[36m&amp;#27;[1m&quot;Karthiga&quot;&amp;#27;[0m                                     &amp;#27;[90m# step_definitions.RippleAppStepDefinitions.i_should_see_session_current_message(java.lang.String)&amp;#27;[0m
  &amp;#27;[36mAnd &amp;#27;[0m&amp;#27;[36mI should see session previous message &amp;#27;[0m&amp;#27;[36m&amp;#27;[1m&quot;Karthiga&quot;&amp;#27;[0m                                     &amp;#27;[90m# step_definitions.RippleAppStepDefinitions.i_should_see_session_previous_message(java.lang.String)&amp;#27;[0m
</system-out>
  </testcase>
  <testcase classname="Application scope and Create/Update/Read/Delete options feature validation" name="Verify application create user creats an entry" time="0.163"/>
</testsuite>